c:\users\fko2347058\desktop\ueda\github\mygame\uedaが往く\uedaが往く\x64\debug\vc143.pdb
c:\users\fko2347058\desktop\ueda\github\mygame\uedaが往く\uedaが往く\x64\debug\vc143.idb
c:\users\fko2347058\desktop\ueda\github\mygame\uedaが往く\uedaが往く\x64\debug\scenedebug.obj
c:\users\fko2347058\desktop\ueda\github\mygame\uedaが往く\uedaが往く\x64\debug\sceneclear.obj
c:\users\fko2347058\desktop\ueda\github\mygame\uedaが往く\uedaが往く\x64\debug\scenebase.obj
c:\users\fko2347058\desktop\ueda\github\mygame\uedaが往く\uedaが往く\x64\debug\main.obj
c:\users\fko2347058\desktop\ueda\github\mygame\uedaが往く\uedaが往く\x64\debug\loaddata.obj
c:\users\fko2347058\desktop\ueda\github\mygame\uedaが往く\uedaが往く\x64\debug\conversiontime.obj
c:\users\fko2347058\desktop\ueda\github\mygame\uedaが往く\uedaが往く\x64\debug\scenestagebase.obj
c:\users\fko2347058\desktop\ueda\github\mygame\uedaが往く\uedaが往く\x64\debug\scenepause.obj
c:\users\fko2347058\desktop\ueda\github\mygame\uedaが往く\uedaが往く\x64\debug\ranking.obj
c:\users\fko2347058\desktop\ueda\github\mygame\uedaが往く\uedaが往く\x64\debug\font.obj
c:\users\fko2347058\desktop\ueda\github\mygame\uedaが往く\uedaが往く\x64\debug\ui.obj
c:\users\fko2347058\desktop\ueda\github\mygame\uedaが往く\uedaが往く\x64\debug\effectmanager.obj
c:\users\fko2347058\desktop\ueda\github\mygame\uedaが往く\uedaが往く\x64\debug\debugdraw.obj
c:\users\fko2347058\desktop\ueda\github\mygame\uedaが往く\uedaが往く\x64\debug\enemyabe.obj
c:\users\fko2347058\desktop\ueda\github\mygame\uedaが往く\uedaが往く\x64\debug\enemychef.obj
c:\users\fko2347058\desktop\ueda\github\mygame\uedaが往く\uedaが往く\x64\debug\player.obj
c:\users\fko2347058\desktop\ueda\github\mygame\uedaが往く\uedaが往く\x64\debug\enemytuto.obj
c:\users\fko2347058\desktop\ueda\github\mygame\uedaが往く\uedaが往く\x64\debug\enemyninja.obj
c:\users\fko2347058\desktop\ueda\github\mygame\uedaが往く\uedaが往く\x64\debug\enemybase.obj
c:\users\fko2347058\desktop\ueda\github\mygame\uedaが往く\uedaが往く\x64\debug\characterbase.obj
c:\users\fko2347058\desktop\ueda\github\mygame\uedaが往く\uedaが往く\x64\debug\vec2.obj
c:\users\fko2347058\desktop\ueda\github\mygame\uedaが往く\uedaが往く\x64\debug\sound.obj
c:\users\fko2347058\desktop\ueda\github\mygame\uedaが往く\uedaが往く\x64\debug\input.obj
c:\users\fko2347058\desktop\ueda\github\mygame\uedaが往く\uedaが往く\x64\debug\camera.obj
c:\users\fko2347058\desktop\ueda\github\mygame\uedaが往く\uedaが往く\x64\debug\uibattle.obj
c:\users\fko2347058\desktop\ueda\github\mygame\uedaが往く\uedaが往く\x64\debug\stage.obj
c:\users\fko2347058\desktop\ueda\github\mygame\uedaが往く\uedaが往く\x64\debug\scenetitle.obj
c:\users\fko2347058\desktop\ueda\github\mygame\uedaが往く\uedaが往く\x64\debug\scenestage2.obj
c:\users\fko2347058\desktop\ueda\github\mygame\uedaが往く\uedaが往く\x64\debug\scenestage1.obj
c:\users\fko2347058\desktop\ueda\github\mygame\uedaが往く\uedaが往く\x64\debug\sceneselectstage.obj
c:\users\fko2347058\desktop\ueda\github\mygame\uedaが往く\uedaが往く\x64\debug\sceneoption.obj
c:\users\fko2347058\desktop\ueda\github\mygame\uedaが往く\uedaが往く\x64\debug\scenemanager.obj
c:\users\fko2347058\desktop\ueda\github\mygame\uedaが往く\uedaが往く\x64\debug\scenegameover.obj
c:\users\fko2347058\desktop\ueda\github\mygame\uedaが往く\uedaが往く\x64\debug\uedaが往く.ilk
c:\users\fko2347058\desktop\ueda\github\mygame\uedaが往く\uedaが往く\x64\debug\uedaが往く.exe
c:\users\fko2347058\desktop\ueda\github\mygame\uedaが往く\uedaが往く\x64\debug\uedaが往く.pdb
c:\users\fko2347058\desktop\ueda\github\mygame\uedaが往く\uedaが往く\x64\debug\uedaが往く.tlog\cl.command.1.tlog
c:\users\fko2347058\desktop\ueda\github\mygame\uedaが往く\uedaが往く\x64\debug\uedaが往く.tlog\cl.read.1.tlog
c:\users\fko2347058\desktop\ueda\github\mygame\uedaが往く\uedaが往く\x64\debug\uedaが往く.tlog\cl.write.1.tlog
c:\users\fko2347058\desktop\ueda\github\mygame\uedaが往く\uedaが往く\x64\debug\uedaが往く.tlog\link.command.1.tlog
c:\users\fko2347058\desktop\ueda\github\mygame\uedaが往く\uedaが往く\x64\debug\uedaが往く.tlog\link.read.1.tlog
c:\users\fko2347058\desktop\ueda\github\mygame\uedaが往く\uedaが往く\x64\debug\uedaが往く.tlog\link.write.1.tlog
