  CharacterBase.cpp
  EnemyBase.cpp
  EnemyNinja.cpp
  EnemyTuto.cpp
  Player.cpp
  EnemyChef.cpp
  EnemyAbe.cpp
  DebugDraw.cpp
  EffectManager.cpp
  Light.cpp
  UI.cpp
  Font.cpp
  Ranking.cpp
  ScenePause.cpp
  SceneStageBase.cpp
  ConversionTime.cpp
  LoadData.cpp
  main.cpp
  SceneBase.cpp
  SceneClear.cpp
  コンパイル中...
  SceneDebug.cpp
  SceneGameover.cpp
  SceneManager.cpp
  SceneOption.cpp
  SceneSelectStage.cpp
  SceneStage1.cpp
  SceneStage2.cpp
  SceneTitle.cpp
  Stage.cpp
  UIBattle.cpp
  Camera.cpp
  Input.cpp
  Sound.cpp
  Vec2.cpp
  コード生成しています。
  Previous IPDB not found, fall back to full compilation.
  All 2031 functions were compiled because no usable IPDB/IOBJ from previous compilation was found.
  コード生成が終了しました。
EffekseerForDXLib_vs2019_x64.lib(EffekseerForDXLib.obj) : warning LNK4099: PDB '' が 'EffekseerForDXLib_vs2019_x64.lib(EffekseerForDXLib.obj)' で、または '' に見つかりません。デバッグ情報がないものとして、オブジェクトにリンクします。
  Uedaが往く.vcxproj -> C:\Users\fko2347058\Desktop\ueda\GitHub\Uedaが往く\Uedaが往く\x64\Release\Uedaが往く.exe
