c:\github\uedagayuku\uedaが往く\x64\release\vc143.pdb
c:\github\uedagayuku\uedaが往く\x64\release\sceneclear.obj
c:\github\uedagayuku\uedaが往く\x64\release\scenebase.obj
c:\github\uedagayuku\uedaが往く\x64\release\main.obj
c:\github\uedagayuku\uedaが往く\x64\release\loaddata.obj
c:\github\uedagayuku\uedaが往く\x64\release\conversiontime.obj
c:\github\uedagayuku\uedaが往く\x64\release\scenestagebase.obj
c:\github\uedagayuku\uedaが往く\x64\release\scenepause.obj
c:\github\uedagayuku\uedaが往く\x64\release\ranking.obj
c:\github\uedagayuku\uedaが往く\x64\release\font.obj
c:\github\uedagayuku\uedaが往く\x64\release\ui.obj
c:\github\uedagayuku\uedaが往く\x64\release\light.obj
c:\github\uedagayuku\uedaが往く\x64\release\effectmanager.obj
c:\github\uedagayuku\uedaが往く\x64\release\debugdraw.obj
c:\github\uedagayuku\uedaが往く\x64\release\enemyabe.obj
c:\github\uedagayuku\uedaが往く\x64\release\enemychef.obj
c:\github\uedagayuku\uedaが往く\x64\release\player.obj
c:\github\uedagayuku\uedaが往く\x64\release\enemytuto.obj
c:\github\uedagayuku\uedaが往く\x64\release\enemyninja.obj
c:\github\uedagayuku\uedaが往く\x64\release\enemybase.obj
c:\github\uedagayuku\uedaが往く\x64\release\characterbase.obj
c:\github\uedagayuku\uedaが往く\x64\release\vec2.obj
c:\github\uedagayuku\uedaが往く\x64\release\sound.obj
c:\github\uedagayuku\uedaが往く\x64\release\input.obj
c:\github\uedagayuku\uedaが往く\x64\release\camera.obj
c:\github\uedagayuku\uedaが往く\x64\release\uibattle.obj
c:\github\uedagayuku\uedaが往く\x64\release\stage.obj
c:\github\uedagayuku\uedaが往く\x64\release\scenetitle.obj
c:\github\uedagayuku\uedaが往く\x64\release\scenestage2.obj
c:\github\uedagayuku\uedaが往く\x64\release\scenestage1.obj
c:\github\uedagayuku\uedaが往く\x64\release\sceneselectstage.obj
c:\github\uedagayuku\uedaが往く\x64\release\sceneoption.obj
c:\github\uedagayuku\uedaが往く\x64\release\scenemanager.obj
c:\github\uedagayuku\uedaが往く\x64\release\scenegameover.obj
c:\github\uedagayuku\uedaが往く\x64\release\scenedebug.obj
c:\github\uedagayuku\uedaが往く\x64\release\uedaが往く.exe
c:\github\uedagayuku\uedaが往く\x64\release\uedaが往く.pdb
c:\github\uedagayuku\uedaが往く\x64\release\uedaが往く.ipdb
c:\github\uedagayuku\uedaが往く\x64\release\uedaが往く.iobj
c:\github\uedagayuku\uedaが往く\x64\release\uedaが往く.tlog\cl.command.1.tlog
c:\github\uedagayuku\uedaが往く\x64\release\uedaが往く.tlog\cl.items.tlog
c:\github\uedagayuku\uedaが往く\x64\release\uedaが往く.tlog\cl.read.1.tlog
c:\github\uedagayuku\uedaが往く\x64\release\uedaが往く.tlog\cl.write.1.tlog
c:\github\uedagayuku\uedaが往く\x64\release\uedaが往く.tlog\link.command.1.tlog
c:\github\uedagayuku\uedaが往く\x64\release\uedaが往く.tlog\link.read.1.tlog
c:\github\uedagayuku\uedaが往く\x64\release\uedaが往く.tlog\link.write.1.tlog
c:\github\uedagayuku\uedaが往く\x64\release\uedaが往く.tlog\link.write.2u.tlog
